<?xml version="1.0" encoding="UTF-8"?>
<!-- Generated by org.testng.reporters.JUnitReportReporter -->
<testsuite hostname="INBELW00GSPTA" name="com.stc.test.pbs.PBS3" tests="4" failures="0" timestamp="7 Jan 2014 10:29:09 GMT" time="14.580" errors="0">
  <testcase name="PBS439" time="2.670" classname="com.stc.test.pbs.PBS3"/>
  <testcase name="PBS441" time="3.969" classname="com.stc.test.pbs.PBS3"/>
  <testcase name="PBS440" time="4.008" classname="com.stc.test.pbs.PBS3"/>
  <testcase name="PBS442" time="3.933" classname="com.stc.test.pbs.PBS3"/>
</testsuite> <!-- com.stc.test.pbs.PBS3 -->
