<?xml version="1.0" encoding="UTF-8"?>
<!-- Generated by org.testng.reporters.JUnitReportReporter -->
<testsuite hostname="INBELW00GSPTA" name="com.stc.test.pbs.PBS53" tests="1" failures="0" timestamp="7 Jan 2014 13:41:03 GMT" time="39.050" errors="0">
  <testcase name="PBS141" time="39.050" classname="com.stc.test.pbs.PBS53"/>
</testsuite> <!-- com.stc.test.pbs.PBS53 -->
