<?xml version="1.0" encoding="UTF-8"?>
<!-- Generated by org.testng.reporters.JUnitReportReporter -->
<testsuite hostname="INBELW00GSPTA" name="com.stc.test.pbs.OrderStatusMapping" tests="1" failures="0" timestamp="5 Jan 2014 09:22:30 GMT" time="11.857" errors="0">
  <testcase name="TC4" time="11.857" classname="com.stc.test.pbs.OrderStatusMapping"/>
</testsuite> <!-- com.stc.test.pbs.OrderStatusMapping -->
