<?xml version="1.0" encoding="UTF-8"?>
<!-- Generated by org.testng.reporters.JUnitReportReporter -->
<testsuite hostname="INBELW00GSPTA" name="com.stc.test.pbs.PBS52" tests="1" failures="0" timestamp="7 Jan 2014 13:28:05 GMT" time="29.827" errors="0">
  <testcase name="PBS156" time="29.827" classname="com.stc.test.pbs.PBS52"/>
</testsuite> <!-- com.stc.test.pbs.PBS52 -->
