<?xml version="1.0" encoding="UTF-8"?>
<!-- Generated by org.testng.reporters.JUnitReportReporter -->
<testsuite hostname="INBELW00GSPTA" name="com.stc.test.pbs.PBS4" tests="4" failures="0" timestamp="7 Jan 2014 10:29:09 GMT" time="14.055" errors="0">
  <testcase name="PBS445" time="3.829" classname="com.stc.test.pbs.PBS4"/>
  <testcase name="PBS444" time="4.049" classname="com.stc.test.pbs.PBS4"/>
  <testcase name="PBS446" time="3.945" classname="com.stc.test.pbs.PBS4"/>
  <testcase name="PBS443" time="2.232" classname="com.stc.test.pbs.PBS4"/>
</testsuite> <!-- com.stc.test.pbs.PBS4 -->
